[14-Feb-2024 16:01:57 Europe/Berlin] Inicio de Aplicacion web
[14-Feb-2024 19:08:39 Europe/Berlin] Inicio de Aplicacion web
[14-Feb-2024 19:10:14 Europe/Berlin] Inicio de Aplicacion web
[14-Feb-2024 19:10:15 Europe/Berlin] Inicio de Aplicacion web
[14-Feb-2024 19:12:06 Europe/Berlin] Inicio de Aplicacion web
[14-Feb-2024 19:12:07 Europe/Berlin] Inicio de Aplicacion web
[14-Feb-2024 19:12:07 Europe/Berlin] Inicio de Aplicacion web
[14-Feb-2024 20:54:19 Europe/Berlin] Inicio de Aplicacion web
[14-Feb-2024 20:54:19 Europe/Berlin] PHP Deprecated:  rtrim(): Passing null to parameter #1 ($string) of type string is deprecated in C:\xampp\htdocs\expenses\libs\app.php on line 10
[14-Feb-2024 20:54:19 Europe/Berlin] APP::construct->No hay controlador Especificado
[14-Feb-2024 20:54:19 Europe/Berlin] PHP Warning:  require_once(controllers/login.php): Failed to open stream: No such file or directory in C:\xampp\htdocs\expenses\libs\app.php on line 16
[14-Feb-2024 20:54:19 Europe/Berlin] PHP Fatal error:  Uncaught Error: Failed opening required 'controllers/login.php' (include_path='C:\xampp\php\PEAR') in C:\xampp\htdocs\expenses\libs\app.php:16
Stack trace:
#0 C:\xampp\htdocs\expenses\index.php(12): App->__construct()
#1 {main}
  thrown in C:\xampp\htdocs\expenses\libs\app.php on line 16
[14-Feb-2024 20:57:19 Europe/Berlin] Inicio de Aplicacion web
[14-Feb-2024 20:57:19 Europe/Berlin] PHP Deprecated:  rtrim(): Passing null to parameter #1 ($string) of type string is deprecated in C:\xampp\htdocs\expenses\libs\app.php on line 10
[14-Feb-2024 20:57:19 Europe/Berlin] APP::construct->No hay controlador Especificado
[14-Feb-2024 21:02:23 Europe/Berlin] Inicio de Aplicacion web
[14-Feb-2024 21:02:23 Europe/Berlin] PHP Deprecated:  rtrim(): Passing null to parameter #1 ($string) of type string is deprecated in C:\xampp\htdocs\expenses\libs\app.php on line 10
[14-Feb-2024 21:02:23 Europe/Berlin] APP::construct->No hay controlador Especificado
[14-Feb-2024 21:02:23 Europe/Berlin] Login::construct->Inicio de Login
[14-Feb-2024 21:02:24 Europe/Berlin] Inicio de Aplicacion web
[14-Feb-2024 21:02:24 Europe/Berlin] PHP Deprecated:  rtrim(): Passing null to parameter #1 ($string) of type string is deprecated in C:\xampp\htdocs\expenses\libs\app.php on line 10
[14-Feb-2024 21:02:24 Europe/Berlin] APP::construct->No hay controlador Especificado
[14-Feb-2024 21:02:24 Europe/Berlin] Login::construct->Inicio de Login
[14-Feb-2024 21:02:24 Europe/Berlin] Inicio de Aplicacion web
[14-Feb-2024 21:02:24 Europe/Berlin] PHP Deprecated:  rtrim(): Passing null to parameter #1 ($string) of type string is deprecated in C:\xampp\htdocs\expenses\libs\app.php on line 10
[14-Feb-2024 21:02:24 Europe/Berlin] APP::construct->No hay controlador Especificado
[14-Feb-2024 21:02:24 Europe/Berlin] Login::construct->Inicio de Login
[14-Feb-2024 21:02:48 Europe/Berlin] Inicio de Aplicacion web
[14-Feb-2024 21:02:58 Europe/Berlin] Inicio de Aplicacion web
[14-Feb-2024 21:03:46 Europe/Berlin] Inicio de Aplicacion web
[14-Feb-2024 21:03:49 Europe/Berlin] Inicio de Aplicacion web
[14-Feb-2024 21:03:49 Europe/Berlin] PHP Deprecated:  rtrim(): Passing null to parameter #1 ($string) of type string is deprecated in C:\xampp\htdocs\expenses\libs\app.php on line 10
[14-Feb-2024 21:03:49 Europe/Berlin] APP::construct->No hay controlador Especificado
[14-Feb-2024 21:03:49 Europe/Berlin] Login::construct->Inicio de Login
[14-Feb-2024 21:09:50 Europe/Berlin] Inicio de Aplicacion web
[14-Feb-2024 21:09:50 Europe/Berlin] PHP Deprecated:  rtrim(): Passing null to parameter #1 ($string) of type string is deprecated in C:\xampp\htdocs\expenses\libs\app.php on line 10
[14-Feb-2024 21:09:50 Europe/Berlin] PHP Warning:  Array to string conversion in C:\xampp\htdocs\expenses\libs\app.php on line 12
[14-Feb-2024 21:09:50 Europe/Berlin] APP::construct->No hay controlador Especificado
[14-Feb-2024 21:09:50 Europe/Berlin] Login::construct->Inicio de Login
[14-Feb-2024 21:10:03 Europe/Berlin] Inicio de Aplicacion web
[14-Feb-2024 21:10:03 Europe/Berlin] PHP Warning:  Array to string conversion in C:\xampp\htdocs\expenses\libs\app.php on line 12
[14-Feb-2024 21:10:03 Europe/Berlin] APP::construct->No existe el controlador
[14-Feb-2024 21:11:13 Europe/Berlin] Inicio de Aplicacion web
[14-Feb-2024 21:11:13 Europe/Berlin] PHP Deprecated:  rtrim(): Passing null to parameter #1 ($string) of type string is deprecated in C:\xampp\htdocs\expenses\libs\app.php on line 10
[14-Feb-2024 21:11:13 Europe/Berlin] APP::construct->No hay controlador Especificado
[14-Feb-2024 21:11:13 Europe/Berlin] Login::construct->Inicio de Login
[14-Feb-2024 21:13:47 Europe/Berlin] Inicio de Aplicacion web
[14-Feb-2024 21:13:47 Europe/Berlin] PHP Deprecated:  rtrim(): Passing null to parameter #1 ($string) of type string is deprecated in C:\xampp\htdocs\expenses\libs\app.php on line 12
[14-Feb-2024 21:13:47 Europe/Berlin] APP::construct->No hay controlador Especificado
[14-Feb-2024 21:13:47 Europe/Berlin] Login::construct->Inicio de Login
[14-Feb-2024 21:15:22 Europe/Berlin] Inicio de Aplicacion web
[14-Feb-2024 21:15:22 Europe/Berlin] PHP Deprecated:  rtrim(): Passing null to parameter #1 ($string) of type string is deprecated in C:\xampp\htdocs\expenses\libs\app.php on line 12
[14-Feb-2024 21:15:22 Europe/Berlin] APP::construct->No hay controlador Especificado
[14-Feb-2024 21:15:22 Europe/Berlin] Login::construct->Inicio de Login
[14-Feb-2024 21:15:22 Europe/Berlin] APP::construct->No existe el controlador
[14-Feb-2024 21:15:22 Europe/Berlin] Inicio de Aplicacion web
[14-Feb-2024 21:15:22 Europe/Berlin] PHP Deprecated:  rtrim(): Passing null to parameter #1 ($string) of type string is deprecated in C:\xampp\htdocs\expenses\libs\app.php on line 12
[14-Feb-2024 21:15:22 Europe/Berlin] APP::construct->No hay controlador Especificado
[14-Feb-2024 21:15:22 Europe/Berlin] Login::construct->Inicio de Login
[14-Feb-2024 21:15:22 Europe/Berlin] APP::construct->No existe el controlador
[14-Feb-2024 21:15:23 Europe/Berlin] Inicio de Aplicacion web
[14-Feb-2024 21:15:23 Europe/Berlin] PHP Deprecated:  rtrim(): Passing null to parameter #1 ($string) of type string is deprecated in C:\xampp\htdocs\expenses\libs\app.php on line 12
[14-Feb-2024 21:15:23 Europe/Berlin] APP::construct->No hay controlador Especificado
[14-Feb-2024 21:15:23 Europe/Berlin] Login::construct->Inicio de Login
[14-Feb-2024 21:15:23 Europe/Berlin] APP::construct->No existe el controlador
[14-Feb-2024 21:15:23 Europe/Berlin] Inicio de Aplicacion web
[14-Feb-2024 21:15:23 Europe/Berlin] PHP Deprecated:  rtrim(): Passing null to parameter #1 ($string) of type string is deprecated in C:\xampp\htdocs\expenses\libs\app.php on line 12
[14-Feb-2024 21:15:23 Europe/Berlin] APP::construct->No hay controlador Especificado
[14-Feb-2024 21:15:23 Europe/Berlin] Login::construct->Inicio de Login
[14-Feb-2024 21:15:23 Europe/Berlin] APP::construct->No existe el controlador
[14-Feb-2024 21:15:23 Europe/Berlin] Inicio de Aplicacion web
[14-Feb-2024 21:15:23 Europe/Berlin] PHP Deprecated:  rtrim(): Passing null to parameter #1 ($string) of type string is deprecated in C:\xampp\htdocs\expenses\libs\app.php on line 12
[14-Feb-2024 21:15:23 Europe/Berlin] APP::construct->No hay controlador Especificado
[14-Feb-2024 21:15:23 Europe/Berlin] Login::construct->Inicio de Login
[14-Feb-2024 21:15:23 Europe/Berlin] APP::construct->No existe el controlador
